This Program serves as a JDBC project that utilizes CLI UI 
 
 
 connect to docker
- docker exec -ti mydb2 bash -c "su - db2inst1"

docker CL inputs:
- db2 -tvf p1_create.sql


powershell / windows cmd inputs
UI- javac *.java; java -cp ";./db2jcc4.jar" p1 ./db.properties;
BATCH- javac *.java; java -cp ";./db2jcc4.jar" ProgramLauncher ./db.properties;


confession:
    - CANNOT LOG RIGHT AWAY WITHOUT GOING THROUGH NEW CUSTOMER EVEN WITH BATCH DATA
    - STMT IS NULL ERROR
---------------------------------------------------------------------------------
:: PROGRAM START
:: TEST - CONNECTING TO DATABASE
:: TEST - SUCCESSFULLY CONNECTED TO DATABASE

:: CREATE NEW CUSTOMER - RUNNING
Your account ID: 100
Use this number upon login
:: CREATE NEW CUSTOMER - SUCCESS

:: CREATE NEW CUSTOMER - RUNNING
Your account ID: 101
Use this number upon login
:: CREATE NEW CUSTOMER - SUCCESS

:: CREATE NEW CUSTOMER - RUNNING
Your account ID: 102
Use this number upon login
:: CREATE NEW CUSTOMER - SUCCESS

:: CREATE NEW CUSTOMER - RUNNING
Your account ID: 103
Use this number upon login
:: CREATE NEW CUSTOMER - SUCCESS

:: CREATE NEW CUSTOMER - RUNNING
Your account ID: 104
Use this number upon login
:: CREATE NEW CUSTOMER - SUCCESS

:: CREATE NEW CUSTOMER - RUNNING
Your account ID: 105
Use this number upon login
:: CREATE NEW CUSTOMER - SUCCESS

:: OPEN ACCOUNT - RUNNING
Your new account number: 1000
Use this number for further account activities.
:: OPEN ACCOUNT - SUCCESS

:: OPEN ACCOUNT - RUNNING
Your new account number: 1001
Use this number for further account activities.
:: OPEN ACCOUNT - SUCCESS

:: OPEN ACCOUNT - RUNNING
Your new account number: 1002
Use this number for further account activities.
:: OPEN ACCOUNT - SUCCESS

:: OPEN ACCOUNT - RUNNING
Your new account number: 1003
Use this number for further account activities.
:: OPEN ACCOUNT - SUCCESS

:: OPEN ACCOUNT - RUNNING
Your new account number: 1004
Use this number for further account activities.
:: OPEN ACCOUNT - SUCCESS

:: OPEN ACCOUNT - RUNNING
Your new account number: 1005
Use this number for further account activities.
:: OPEN ACCOUNT - SUCCESS

:: OPEN ACCOUNT - RUNNING
Your new account number: 1006
Use this number for further account activities.
:: OPEN ACCOUNT - SUCCESS

:: OPEN ACCOUNT - RUNNING
Your new account number: 1007
Use this number for further account activities.
:: OPEN ACCOUNT - SUCCESS

:: OPEN ACCOUNT - RUNNING
Your new account number: 1008
Use this number for further account activities.
:: OPEN ACCOUNT - SUCCESS

:: OPEN ACCOUNT - RUNNING
Your new account number: 1009
Use this number for further account activities.
:: OPEN ACCOUNT - SUCCESS

:: OPEN ACCOUNT - RUNNING
Your new account number: 1010
Use this number for further account activities.
:: OPEN ACCOUNT - SUCCESS

:: OPEN ACCOUNT - RUNNING
Your new account number: 1011
Use this number for further account activities.
:: OPEN ACCOUNT - SUCCESS

:: ACCOUNT SUMMARY - RUNNING
ACCOUNT NUMBER	ACCOUNT BALANCE
-------------------------------
1001			25			
--------------------------------
ACCOUNT TOTAL:	$25
--------------------------------
:: ACCOUNT SUMMARY - SUCCESS

:: ACCOUNT SUMMARY - RUNNING
ACCOUNT NUMBER	ACCOUNT BALANCE
-------------------------------
1009			5100			
1010			8000			
1011			7000			
--------------------------------
ACCOUNT TOTAL:	$20100
--------------------------------
:: ACCOUNT SUMMARY - SUCCESS

:: DEPOSIT - RUNNING
:: DEPOSIT - SUCCESS

:: ACCOUNT SUMMARY - RUNNING
ACCOUNT NUMBER	ACCOUNT BALANCE
-------------------------------
1000			110			
--------------------------------
ACCOUNT TOTAL:	$110
--------------------------------
:: ACCOUNT SUMMARY - SUCCESS

:: DEPOSIT - RUNNING
:: DEPOSIT - SUCCESS

:: ACCOUNT SUMMARY - RUNNING
ACCOUNT NUMBER	ACCOUNT BALANCE
-------------------------------
1001			2500			
--------------------------------
ACCOUNT TOTAL:	$2500
--------------------------------
:: ACCOUNT SUMMARY - SUCCESS

:: WITHDRAW - RUNNING
:: WITHDRAW - SUCCESS

:: ACCOUNT SUMMARY - RUNNING
ACCOUNT NUMBER	ACCOUNT BALANCE
-------------------------------
1002			300			
1003			10000			
--------------------------------
ACCOUNT TOTAL:	$10300
--------------------------------
:: ACCOUNT SUMMARY - SUCCESS

:: WITHDRAW - RUNNING
:: WITHDRAW - SUCCESS

:: ACCOUNT SUMMARY - RUNNING
ACCOUNT NUMBER	ACCOUNT BALANCE
-------------------------------
1004			1000			
1005			6007			
--------------------------------
ACCOUNT TOTAL:	$7007
--------------------------------
:: ACCOUNT SUMMARY - SUCCESS

:: TRANSFER - RUNNING
:: TRANSFER - SUCCESS

:: ACCOUNT SUMMARY - RUNNING
ACCOUNT NUMBER	ACCOUNT BALANCE
-------------------------------
1002			300			
1003			9500			
--------------------------------
ACCOUNT TOTAL:	$9800
--------------------------------
:: ACCOUNT SUMMARY - SUCCESS

:: ACCOUNT SUMMARY - RUNNING
ACCOUNT NUMBER	ACCOUNT BALANCE
-------------------------------
1006			3000			
1007			9500			
1008			4500			
--------------------------------
ACCOUNT TOTAL:	$17000
--------------------------------
:: ACCOUNT SUMMARY - SUCCESS

:: TRANSFER - RUNNING
:: TRANSFER - SUCCESS

:: ACCOUNT SUMMARY - RUNNING
ACCOUNT NUMBER	ACCOUNT BALANCE
-------------------------------
1009			5100			
1010			14000			
1011			1000			
--------------------------------
ACCOUNT TOTAL:	$20100
--------------------------------
:: ACCOUNT SUMMARY - SUCCESS

:: CLOSE ACCOUNT - RUNNING
:: CLOSE ACCOUNT - SUCCESS

:: ACCOUNT SUMMARY - RUNNING
ACCOUNT NUMBER	ACCOUNT BALANCE
-------------------------------
1007			9500			
1008			4500			
--------------------------------
ACCOUNT TOTAL:	$14000
--------------------------------
:: ACCOUNT SUMMARY - SUCCESS

:: CLOSE ACCOUNT - RUNNING
:: CLOSE ACCOUNT - SUCCESS

:: ACCOUNT SUMMARY - RUNNING
ACCOUNT NUMBER	ACCOUNT BALANCE
-------------------------------
1009			5100			
1010			14000			
--------------------------------
ACCOUNT TOTAL:	$19100
--------------------------------
:: ACCOUNT SUMMARY - SUCCESS

:: REPORT A - RUNNING
ID	NAME	GENDER	AGE	TOTAL BAL
------------------------------------------
105	Jenny	F	    30	19100	
104	Joy	    F	    27	14000	
102	Misty	F	    12	9800	
103	Brock	M	    17	7007	
101	Pikachu	M	    25	2500	
100	Ash	    M	    10	110	
:: REPORT A - SUCCESS

:: REPORT B - RUNNING
AVERAGE BALANCE
---------------
5639
:: REPORT B - SUCCESS

:: DEPOSIT - RUNNING
:: DEPOSIT - ERROR - INVALID AMOUNT

:: WITHDRAW - RUNNING
:: WITHDRAW - ERROR - INVALID AMOUNT

:: CREATE NEW CUSTOMER - RUNNING
:: CREATE NEW CUSTOMER - ERROR - INVALID PIN

:: WITHDRAW - RUNNING
Inefficient funds for withdrawl.
Redirecting back...

:: TRANSFER - RUNNING
Inefficient funds for withdrawl.
Redirecting back...

:: REPORT A - RUNNING
ID	NAME	GENDER	AGE	TOTAL BAL
------------------------------------------
105	Jenny	F	    30	19100	
104	Joy	    F	    27	19000	
102	Misty	F	    12	9800	
103	Brock	M	    17	7007	
101	Pikachu	M	    25	2500	
100	Ash	    M	    10	110	
:: REPORT A - SUCCESS

:: PROGRAM END
